<?xml version="1.0" encoding="UTF-8"?>
<testng-results skipped="0" failed="0" total="1" passed="1">
  <reporter-output>
  </reporter-output>
  <suite name="Suite" duration-ms="15617" started-at="2017-02-09T21:00:17Z" finished-at="2017-02-09T21:00:32Z">
    <groups>
    </groups>
    <test name="Test" duration-ms="15617" started-at="2017-02-09T21:00:17Z" finished-at="2017-02-09T21:00:32Z">
      <class name="tests.TestAboutUs">
        <test-method status="PASS" signature="setUp()[pri:0, instance:tests.TestAboutUs@6f7fd0e6]" name="setUp" is-config="true" duration-ms="11187" started-at="2017-02-09T16:00:17Z" finished-at="2017-02-09T16:00:28Z">
          <reporter-output>
          </reporter-output>
        </test-method> <!-- setUp -->
        <test-method status="PASS" signature="classSetup()[pri:0, instance:tests.TestAboutUs@6f7fd0e6]" name="classSetup" is-config="true" duration-ms="2643" started-at="2017-02-09T16:00:28Z" finished-at="2017-02-09T16:00:31Z">
          <reporter-output>
          </reporter-output>
        </test-method> <!-- classSetup -->
        <test-method status="PASS" signature="testAboutUsLinkPage()[pri:0, instance:tests.TestAboutUs@6f7fd0e6]" name="testAboutUsLinkPage" duration-ms="1614" started-at="2017-02-09T16:00:31Z" finished-at="2017-02-09T16:00:32Z">
          <reporter-output>
          </reporter-output>
        </test-method> <!-- testAboutUsLinkPage -->
        <test-method status="PASS" signature="tearDown()[pri:0, instance:tests.TestAboutUs@6f7fd0e6]" name="tearDown" is-config="true" duration-ms="153" started-at="2017-02-09T16:00:32Z" finished-at="2017-02-09T16:00:32Z">
          <reporter-output>
          </reporter-output>
        </test-method> <!-- tearDown -->
      </class> <!-- tests.TestAboutUs -->
    </test> <!-- Test -->
  </suite> <!-- Suite -->
</testng-results>
